<?xml version="1.0" encoding="UTF-8"?>
<!-- Generated by org.testng.reporters.JUnitReportReporter -->
<testsuite hostname="Pramesh" failures="0" tests="1" name="runner.MyTestRunner" time="0.441" errors="0" timestamp="2025-09-28T00:32:03 IST" skipped="0">
  <testcase classname="runner.MyTestRunner" name="runScenario" time="0.441"/>
</testsuite> <!-- runner.MyTestRunner -->
